<?xml version="1.0" encoding="UTF-8"?>
<testng-results skipped="0" failed="0" ignored="0" total="1" passed="1">
  <reporter-output>
  </reporter-output>
  <suite name="Default suite" duration-ms="171924" started-at="2018-04-24T13:52:01Z" finished-at="2018-04-24T13:54:53Z">
    <groups>
    </groups>
    <test name="Default test" duration-ms="171924" started-at="2018-04-24T13:52:01Z" finished-at="2018-04-24T13:54:53Z">
      <class name="Executions.AddressExecutions">
        <test-method status="PASS" signature="addressEx()[pri:0, instance:Executions.AddressExecutions@4b9e13df]" name="addressEx" duration-ms="171887" started-at="2018-04-24T13:52:01Z" finished-at="2018-04-24T13:54:53Z">
          <reporter-output>
          </reporter-output>
        </test-method> <!-- addressEx -->
      </class> <!-- Executions.AddressExecutions -->
    </test> <!-- Default test -->
  </suite> <!-- Default suite -->
</testng-results>
